Base path: C:/Program Files (x86)/Unity/Editor/Data
Pipe name: \\.\pipe\UnityShaderCompiler-2-8640
Cmd: getPlatforms
Cmd: compileSnippet
  error: 2 plat 8 at (64): 'vert': output parameter 'o' not completely initialized
  error: 1 plat 8 at (81): implicit truncation of vector type
  api=8 type=0 insize=7048 outsize=0 kw=DIRECTIONAL LIGHTMAP_OFF DIRLIGHTMAP_OFF ok=0
Cmd: compileSnippet
  api=1 type=0 insize=7048 outsize=1700 kw=DIRECTIONAL LIGHTMAP_OFF DIRLIGHTMAP_OFF VERTEXLIGHT_ON ok=1
Cmd: compileSnippet
  api=8 type=1 insize=7048 outsize=5566 kw=DIRECTIONAL LIGHTMAP_OFF DIRLIGHTMAP_OFF ok=1
Cmd: compileSnippet
  error: 2 plat 8 at (64): 'vert': output parameter 'o' not completely initialized
  error: 1 plat 8 at (81): implicit truncation of vector type
  api=8 type=0 insize=4780 outsize=0 kw=POINT ok=0
Cmd: compileSnippet
  api=1 type=0 insize=4780 outsize=788 kw=DIRECTIONAL ok=1
Cmd: compileSnippet
  error: 2 plat 8 at (64): 'vert': output parameter 'o' not completely initialized
  error: 1 plat 8 at (81): implicit truncation of vector type
  api=8 type=0 insize=4780 outsize=0 kw=SPOT ok=0
Cmd: compileSnippet
  api=1 type=0 insize=4780 outsize=955 kw=POINT_COOKIE ok=1
Cmd: compileSnippet
  error: 2 plat 8 at (64): 'vert': output parameter 'o' not completely initialized
  error: 1 plat 8 at (81): implicit truncation of vector type
  api=8 type=0 insize=4780 outsize=0 kw=DIRECTIONAL_COOKIE ok=0
Cmd: compileSnippet
  api=4 type=1 insize=4780 outsize=4077 kw=POINT ok=1
Cmd: compileSnippet
  api=8 type=1 insize=4780 outsize=5355 kw=DIRECTIONAL ok=1
Cmd: compileSnippet
  api=1 type=1 insize=4780 outsize=1371 kw=POINT_COOKIE ok=1
Cmd: compileSnippet
  api=0 type=1 insize=4780 outsize=1448 kw=DIRECTIONAL_COOKIE ok=1
Cmd: compileSnippet
  api=4 type=1 insize=4780 outsize=3866 kw=DIRECTIONAL_COOKIE ok=1
Cmd: compileSnippet
  api=4 type=0 insize=6012 outsize=4126 kw=DIRECTIONAL LIGHTMAP_OFF DIRLIGHTMAP_OFF ok=1
Cmd: compileSnippet
  api=8 type=0 insize=6012 outsize=2243 kw=DIRECTIONAL LIGHTMAP_ON DIRLIGHTMAP_OFF ok=1
Cmd: compileSnippet
  api=1 type=0 insize=6012 outsize=1560 kw=DIRECTIONAL LIGHTMAP_OFF DIRLIGHTMAP_OFF VERTEXLIGHT_ON ok=1
Cmd: compileSnippet
  api=8 type=1 insize=6012 outsize=4859 kw=DIRECTIONAL LIGHTMAP_OFF DIRLIGHTMAP_OFF ok=1
Cmd: compileSnippet
  api=4 type=0 insize=3811 outsize=3777 kw=POINT ok=1
Cmd: compileSnippet
  api=0 type=0 insize=3811 outsize=1383 kw=SPOT ok=1
Cmd: compileSnippet
  api=8 type=0 insize=3811 outsize=5525 kw=SPOT ok=1
Cmd: compileSnippet
  api=1 type=0 insize=3811 outsize=760 kw=DIRECTIONAL_COOKIE ok=1
Cmd: compileSnippet
  api=0 type=1 insize=3811 outsize=1187 kw=DIRECTIONAL ok=1
Cmd: compileSnippet
  api=4 type=1 insize=3811 outsize=3118 kw=DIRECTIONAL ok=1
Cmd: compileSnippet
  api=0 type=1 insize=3811 outsize=1590 kw=SPOT ok=1
Cmd: compileSnippet
  api=8 type=1 insize=3811 outsize=5964 kw=SPOT ok=1
Cmd: compileSnippet
  api=8 type=0 insize=5336 outsize=4705 kw=DIRECTIONAL LIGHTMAP_OFF DIRLIGHTMAP_OFF ok=1
Cmd: compileSnippet
  api=0 type=0 insize=5336 outsize=912 kw=DIRECTIONAL LIGHTMAP_ON DIRLIGHTMAP_ON ok=1
Cmd: compileSnippet
  api=0 type=0 insize=5336 outsize=1688 kw=DIRECTIONAL LIGHTMAP_OFF DIRLIGHTMAP_OFF VERTEXLIGHT_ON ok=1
Cmd: compileSnippet
  api=8 type=0 insize=5336 outsize=7012 kw=DIRECTIONAL LIGHTMAP_OFF DIRLIGHTMAP_OFF VERTEXLIGHT_ON ok=1
Cmd: compileSnippet
  api=4 type=1 insize=5336 outsize=1859 kw=DIRECTIONAL LIGHTMAP_OFF DIRLIGHTMAP_OFF ok=1
Cmd: compileSnippet
  api=8 type=1 insize=5336 outsize=2430 kw=DIRECTIONAL LIGHTMAP_ON DIRLIGHTMAP_OFF ok=1
Cmd: compileSnippet
  api=4 type=0 insize=2853 outsize=3200 kw=POINT ok=1
Cmd: compileSnippet
  api=1 type=0 insize=2853 outsize=352 kw=DIRECTIONAL ok=1
Cmd: compileSnippet
  api=4 type=0 insize=2853 outsize=3200 kw=SPOT ok=1
Cmd: compileSnippet
  api=1 type=0 insize=2853 outsize=431 kw=POINT_COOKIE ok=1
Cmd: compileSnippet
  api=1 type=0 insize=2853 outsize=407 kw=DIRECTIONAL_COOKIE ok=1
Cmd: compileSnippet
  api=4 type=1 insize=2853 outsize=2217 kw=POINT ok=1
Cmd: compileSnippet
  api=8 type=1 insize=2853 outsize=2617 kw=DIRECTIONAL ok=1
Cmd: compileSnippet
  api=1 type=1 insize=2853 outsize=605 kw=POINT_COOKIE ok=1
Cmd: compileSnippet
  api=0 type=1 insize=2853 outsize=649 kw=DIRECTIONAL_COOKIE ok=1
Cmd: compileSnippet
  api=1 type=1 insize=2853 outsize=481 kw=DIRECTIONAL_COOKIE ok=1
Cmd: compileSnippet
  api=4 type=0 insize=986 outsize=1274 kw= ok=1
Cmd: compileSnippet
  api=8 type=0 insize=1203 outsize=1950 kw= ok=1
Cmd: compileSnippet
  api=4 type=0 insize=1322 outsize=1388 kw= ok=1
Cmd: compileSnippet
  api=8 type=1 insize=1322 outsize=2600 kw= ok=1
Cmd: compileSnippet
  api=4 type=0 insize=1274 outsize=1388 kw= ok=1
Cmd: compileSnippet
  api=8 type=0 insize=1260 outsize=1950 kw= ok=1
Cmd: compileSnippet
  api=8 type=1 insize=1260 outsize=1609 kw= ok=1
Cmd: compileSnippet
  api=8 type=1 insize=1260 outsize=2535 kw= ok=1
Cmd: compileSnippet
  api=8 type=1 insize=1282 outsize=1682 kw= ok=1
Cmd: compileSnippet
  api=8 type=1 insize=1222 outsize=1715 kw= ok=1
Cmd: compileSnippet
  api=8 type=0 insize=1218 outsize=1950 kw= ok=1
Cmd: compileSnippet
  api=4 type=1 insize=1218 outsize=1168 kw= ok=1
Cmd: compileSnippet
  api=8 type=0 insize=1277 outsize=1950 kw= ok=1
Cmd: compileSnippet
  api=8 type=1 insize=1277 outsize=1593 kw= ok=1
Cmd: compileSnippet
  api=8 type=0 insize=1333 outsize=1950 kw= ok=1
Cmd: compileSnippet
  api=8 type=1 insize=1333 outsize=1633 kw= ok=1
Cmd: compileSnippet
  api=4 type=0 insize=956 outsize=1274 kw= ok=1
Cmd: compileSnippet
  api=4 type=1 insize=956 outsize=754 kw= ok=1
Cmd: compileSnippet
  api=4 type=1 insize=1051 outsize=1363 kw= ok=1
Cmd: compileSnippet
  api=8 type=1 insize=1041 outsize=1390 kw= ok=1
