Base path: C:/Program Files (x86)/Unity/Editor/Data
Pipe name: \\.\pipe\UnityShaderCompiler-4-1124
Cmd: getPlatforms
Cmd: compileSnippet
  api=0 type=0 insize=7048 outsize=616 kw=DIRECTIONAL LIGHTMAP_ON DIRLIGHTMAP_OFF ok=1
Cmd: compileSnippet
  api=0 type=1 insize=7048 outsize=832 kw=DIRECTIONAL LIGHTMAP_ON DIRLIGHTMAP_OFF ok=1
Cmd: compileSnippet
  api=1 type=1 insize=7048 outsize=565 kw=DIRECTIONAL LIGHTMAP_ON DIRLIGHTMAP_OFF ok=1
Cmd: compileSnippet
  error: 2 plat 4 at (64): 'vert': output parameter 'o' not completely initialized
  error: 1 plat 4 at (81): implicit truncation of vector type
  api=4 type=0 insize=4780 outsize=0 kw=POINT ok=0
Cmd: compileSnippet
  error: 2 plat 4 at (64): 'vert': output parameter 'o' not completely initialized
  error: 1 plat 4 at (81): implicit truncation of vector type
  api=4 type=0 insize=4780 outsize=0 kw=DIRECTIONAL ok=0
Cmd: compileSnippet
  error: 2 plat 8 at (64): 'vert': output parameter 'o' not completely initialized
  error: 1 plat 8 at (81): implicit truncation of vector type
  api=8 type=0 insize=4780 outsize=0 kw=DIRECTIONAL ok=0
Cmd: compileSnippet
  api=1 type=0 insize=4780 outsize=974 kw=SPOT ok=1
Cmd: compileSnippet
  error: 2 plat 4 at (64): 'vert': output parameter 'o' not completely initialized
  error: 1 plat 4 at (81): implicit truncation of vector type
  api=4 type=0 insize=4780 outsize=0 kw=POINT_COOKIE ok=0
Cmd: compileSnippet
  api=0 type=0 insize=4780 outsize=1432 kw=DIRECTIONAL_COOKIE ok=1
Cmd: compileSnippet
  api=8 type=1 insize=4780 outsize=6005 kw=POINT ok=1
Cmd: compileSnippet
  api=8 type=1 insize=4780 outsize=6671 kw=SPOT ok=1
Cmd: compileSnippet
  api=0 type=0 insize=6012 outsize=470 kw=DIRECTIONAL LIGHTMAP_ON DIRLIGHTMAP_OFF ok=1
Cmd: compileSnippet
  api=1 type=0 insize=6012 outsize=220 kw=DIRECTIONAL LIGHTMAP_ON DIRLIGHTMAP_OFF ok=1
Cmd: compileSnippet
  api=8 type=0 insize=6012 outsize=8889 kw=DIRECTIONAL LIGHTMAP_OFF DIRLIGHTMAP_OFF VERTEXLIGHT_ON ok=1
Cmd: compileSnippet
  api=4 type=1 insize=6012 outsize=3265 kw=DIRECTIONAL LIGHTMAP_OFF DIRLIGHTMAP_OFF ok=1
Cmd: compileSnippet
  api=8 type=1 insize=6012 outsize=2430 kw=DIRECTIONAL LIGHTMAP_ON DIRLIGHTMAP_OFF ok=1
Cmd: compileSnippet
  api=0 type=0 insize=3811 outsize=1055 kw=DIRECTIONAL ok=1
Cmd: compileSnippet
  api=8 type=0 insize=3811 outsize=4372 kw=DIRECTIONAL ok=1
Cmd: compileSnippet
  api=0 type=0 insize=3811 outsize=1346 kw=POINT_COOKIE ok=1
Cmd: compileSnippet
  api=8 type=0 insize=3811 outsize=5525 kw=POINT_COOKIE ok=1
Cmd: compileSnippet
  api=4 type=1 insize=3811 outsize=3590 kw=POINT ok=1
Cmd: compileSnippet
  api=8 type=1 insize=3811 outsize=4648 kw=DIRECTIONAL ok=1
Cmd: compileSnippet
  api=1 type=1 insize=3811 outsize=1271 kw=POINT_COOKIE ok=1
Cmd: compileSnippet
  api=0 type=1 insize=3811 outsize=1255 kw=DIRECTIONAL_COOKIE ok=1
Cmd: compileSnippet
  api=1 type=1 insize=3811 outsize=1065 kw=DIRECTIONAL_COOKIE ok=1
Cmd: compileSnippet
  api=8 type=1 insize=3811 outsize=5030 kw=DIRECTIONAL_COOKIE ok=1
Cmd: compileSnippet
  api=0 type=0 insize=5336 outsize=468 kw=DIRECTIONAL LIGHTMAP_ON DIRLIGHTMAP_OFF ok=1
Cmd: compileSnippet
  api=4 type=0 insize=5336 outsize=1640 kw=DIRECTIONAL LIGHTMAP_ON DIRLIGHTMAP_OFF ok=1
Cmd: compileSnippet
  api=1 type=0 insize=5336 outsize=559 kw=DIRECTIONAL LIGHTMAP_ON DIRLIGHTMAP_ON ok=1
Cmd: compileSnippet
  api=4 type=0 insize=5336 outsize=4654 kw=DIRECTIONAL LIGHTMAP_OFF DIRLIGHTMAP_OFF VERTEXLIGHT_ON ok=1
Cmd: compileSnippet
  api=8 type=1 insize=5336 outsize=2771 kw=DIRECTIONAL LIGHTMAP_OFF DIRLIGHTMAP_OFF ok=1
Cmd: compileSnippet
  api=4 type=1 insize=5336 outsize=1680 kw=DIRECTIONAL LIGHTMAP_ON DIRLIGHTMAP_ON ok=1
Cmd: compileSnippet
  api=8 type=0 insize=2853 outsize=4558 kw=POINT ok=1
Cmd: compileSnippet
  api=0 type=0 insize=2853 outsize=926 kw=SPOT ok=1
Cmd: compileSnippet
  api=0 type=0 insize=2853 outsize=889 kw=POINT_COOKIE ok=1
Cmd: compileSnippet
  api=8 type=0 insize=2853 outsize=4558 kw=POINT_COOKIE ok=1
Cmd: compileSnippet
  api=8 type=1 insize=2853 outsize=3267 kw=POINT ok=1
Cmd: compileSnippet
  api=1 type=1 insize=2853 outsize=702 kw=SPOT ok=1
Cmd: compileSnippet
  api=0 type=1 insize=2853 outsize=826 kw=POINT_COOKIE ok=1
Cmd: compileSnippet
  api=4 type=1 insize=2853 outsize=2347 kw=POINT_COOKIE ok=1
Cmd: compileSnippet
  api=4 type=1 insize=2853 outsize=2005 kw=DIRECTIONAL_COOKIE ok=1
Cmd: compileSnippet
  api=8 type=1 insize=986 outsize=1113 kw= ok=1
Cmd: compileSnippet
  api=8 type=1 insize=1203 outsize=1690 kw= ok=1
Cmd: compileSnippet
  api=8 type=0 insize=1322 outsize=1950 kw= ok=1
Cmd: compileSnippet
  api=4 type=1 insize=1322 outsize=1737 kw= ok=1
Cmd: compileSnippet
  api=8 type=0 insize=1274 outsize=1950 kw= ok=1
Cmd: compileSnippet
  api=4 type=1 insize=1274 outsize=1136 kw= ok=1
Cmd: compileSnippet
  api=4 type=0 insize=1260 outsize=1388 kw= ok=1
Cmd: compileSnippet
  api=4 type=0 insize=1282 outsize=1388 kw= ok=1
Cmd: compileSnippet
  api=4 type=0 insize=1222 outsize=1388 kw= ok=1
Cmd: compileSnippet
  api=4 type=0 insize=1218 outsize=1388 kw= ok=1
Cmd: compileSnippet
  api=8 type=1 insize=1218 outsize=1715 kw= ok=1
Cmd: compileSnippet
  api=4 type=0 insize=942 outsize=1193 kw= ok=1
Cmd: compileSnippet
  api=4 type=1 insize=942 outsize=754 kw= ok=1
Cmd: compileSnippet
  api=4 type=0 insize=1051 outsize=1193 kw= ok=1
Cmd: compileSnippet
  api=8 type=0 insize=1041 outsize=1812 kw= ok=1
Cmd: compileSnippet
  api=4 type=1 insize=1041 outsize=990 kw= ok=1
Cmd: compileSnippet
  error: 2 plat 4 at (64): 'vert': output parameter 'o' not completely initialized
  error: 1 plat 4 at (81): implicit truncation of vector type
  api=4 type=0 insize=7048 outsize=0 kw=DIRECTIONAL LIGHTMAP_OFF DIRLIGHTMAP_OFF ok=0
Cmd: compileSnippet
  error: 2 plat 4 at (64): 'vert': output parameter 'o' not completely initialized
  error: 1 plat 4 at (81): implicit truncation of vector type
  api=4 type=0 insize=4780 outsize=0 kw=POINT ok=0
Cmd: compileSnippet
  error: 2 plat 4 at (64): 'vert': output parameter 'o' not completely initialized
  error: 1 plat 4 at (81): implicit truncation of vector type
  api=4 type=0 insize=4780 outsize=0 kw=SPOT ok=0
Cmd: compileSnippet
  error: 2 plat 4 at (64): 'vert': output parameter 'o' not completely initialized
  error: 1 plat 4 at (81): implicit truncation of vector type
  api=4 type=0 insize=4780 outsize=0 kw=DIRECTIONAL_COOKIE ok=0
Cmd: compileSnippet
  error: 2 plat 8 at (64): 'vert': output parameter 'o' not completely initialized
  error: 1 plat 8 at (81): implicit truncation of vector type
  api=8 type=0 insize=7048 outsize=0 kw=DIRECTIONAL LIGHTMAP_OFF DIRLIGHTMAP_OFF ok=0
Cmd: compileSnippet
  error: 2 plat 8 at (64): 'vert': output parameter 'o' not completely initialized
  error: 1 plat 8 at (81): implicit truncation of vector type
  api=8 type=0 insize=7048 outsize=0 kw=DIRECTIONAL LIGHTMAP_OFF DIRLIGHTMAP_OFF VERTEXLIGHT_ON ok=0
Cmd: compileSnippet
  error: 2 plat 4 at (64): 'vert': output parameter 'o' not completely initialized
  error: 1 plat 4 at (81): implicit truncation of vector type
  api=4 type=0 insize=4780 outsize=0 kw=POINT ok=0
Cmd: compileSnippet
  error: 2 plat 4 at (64): 'vert': output parameter 'o' not completely initialized
  error: 1 plat 4 at (81): implicit truncation of vector type
  api=4 type=0 insize=4780 outsize=0 kw=SPOT ok=0
Cmd: compileSnippet
  error: 2 plat 4 at (64): 'vert': output parameter 'o' not completely initialized
  error: 1 plat 4 at (81): implicit truncation of vector type
  api=4 type=0 insize=4780 outsize=0 kw=DIRECTIONAL_COOKIE ok=0
Cmd: compileSnippet
  error: 2 plat 4 at (64): 'vert': output parameter 'o' not completely initialized
  error: 1 plat 4 at (81): implicit truncation of vector type
  api=4 type=0 insize=7048 outsize=0 kw=DIRECTIONAL LIGHTMAP_ON DIRLIGHTMAP_OFF ok=0
Cmd: compileSnippet
  error: 2 plat 4 at (64): 'vert': output parameter 'o' not completely initialized
  error: 1 plat 4 at (81): implicit truncation of vector type
  api=4 type=0 insize=4780 outsize=0 kw=POINT ok=0
Cmd: compileSnippet
  error: 2 plat 8 at (64): 'vert': output parameter 'o' not completely initialized
  error: 1 plat 8 at (81): implicit truncation of vector type
  api=8 type=0 insize=4780 outsize=0 kw=SPOT ok=0
Cmd: compileSnippet
  error: 2 plat 8 at (64): 'vert': output parameter 'o' not completely initialized
  error: 1 plat 8 at (81): implicit truncation of vector type
  api=8 type=0 insize=7048 outsize=0 kw=DIRECTIONAL LIGHTMAP_ON DIRLIGHTMAP_OFF ok=0
Cmd: compileSnippet
  error: 2 plat 8 at (64): 'vert': output parameter 'o' not completely initialized
  error: 1 plat 8 at (81): implicit truncation of vector type
  api=8 type=0 insize=4780 outsize=0 kw=POINT ok=0
Cmd: compileSnippet
  error: 2 plat 4 at (64): 'vert': output parameter 'o' not completely initialized
  error: 1 plat 4 at (81): implicit truncation of vector type
  api=4 type=0 insize=4780 outsize=0 kw=SPOT ok=0
Cmd: compileSnippet
  error: 2 plat 4 at (64): 'vert': output parameter 'o' not completely initialized
  error: 1 plat 4 at (81): implicit truncation of vector type
  api=4 type=0 insize=4780 outsize=0 kw=DIRECTIONAL_COOKIE ok=0
Cmd: compileSnippet
  error: 2 plat 4 at (64): 'vert': output parameter 'o' not completely initialized
  error: 1 plat 4 at (81): implicit truncation of vector type
  api=4 type=0 insize=7048 outsize=0 kw=DIRECTIONAL LIGHTMAP_OFF DIRLIGHTMAP_OFF ok=0
Cmd: compileSnippet
  error: 2 plat 8 at (64): 'vert': output parameter 'o' not completely initialized
  error: 1 plat 8 at (81): implicit truncation of vector type
  api=8 type=0 insize=7048 outsize=0 kw=DIRECTIONAL LIGHTMAP_OFF DIRLIGHTMAP_OFF VERTEXLIGHT_ON ok=0
Cmd: compileSnippet
  error: 2 plat 4 at (64): 'vert': output parameter 'o' not completely initialized
  error: 1 plat 4 at (81): implicit truncation of vector type
  api=4 type=0 insize=4780 outsize=0 kw=POINT ok=0
Cmd: compileSnippet
  error: 2 plat 8 at (64): 'vert': output parameter 'o' not completely initialized
  error: 1 plat 8 at (81): implicit truncation of vector type
  api=8 type=0 insize=4780 outsize=0 kw=SPOT ok=0
Cmd: compileSnippet
  error: 2 plat 8 at (64): 'vert': output parameter 'o' not completely initialized
  error: 1 plat 8 at (81): implicit truncation of vector type
  api=8 type=0 insize=7048 outsize=0 kw=DIRECTIONAL LIGHTMAP_ON DIRLIGHTMAP_OFF ok=0
Cmd: compileSnippet
  error: 2 plat 8 at (64): 'vert': output parameter 'o' not completely initialized
  error: 1 plat 8 at (81): implicit truncation of vector type
  api=8 type=0 insize=7048 outsize=0 kw=DIRECTIONAL LIGHTMAP_OFF DIRLIGHTMAP_OFF VERTEXLIGHT_ON ok=0
Cmd: compileSnippet
  error: 2 plat 4 at (64): 'vert': output parameter 'o' not completely initialized
  error: 1 plat 4 at (81): implicit truncation of vector type
  api=4 type=0 insize=4780 outsize=0 kw=POINT ok=0
Cmd: compileSnippet
  error: 2 plat 4 at (64): 'vert': output parameter 'o' not completely initialized
  error: 1 plat 4 at (81): implicit truncation of vector type
  api=4 type=0 insize=4780 outsize=0 kw=SPOT ok=0
Cmd: compileSnippet
  error: 2 plat 4 at (64): 'vert': output parameter 'o' not completely initialized
  error: 1 plat 4 at (81): implicit truncation of vector type
  api=4 type=0 insize=4780 outsize=0 kw=DIRECTIONAL_COOKIE ok=0
Cmd: compileSnippet
  error: 2 plat 4 at (64): 'vert': output parameter 'o' not completely initialized
  error: 1 plat 4 at (81): implicit truncation of vector type
  api=4 type=0 insize=7048 outsize=0 kw=DIRECTIONAL LIGHTMAP_OFF DIRLIGHTMAP_OFF ok=0
Cmd: compileSnippet
  error: 2 plat 8 at (64): 'vert': output parameter 'o' not completely initialized
  error: 1 plat 8 at (81): implicit truncation of vector type
  api=8 type=0 insize=7048 outsize=0 kw=DIRECTIONAL LIGHTMAP_OFF DIRLIGHTMAP_OFF VERTEXLIGHT_ON ok=0
Cmd: compileSnippet
  error: 2 plat 4 at (64): 'vert': output parameter 'o' not completely initialized
  error: 1 plat 4 at (81): implicit truncation of vector type
  api=4 type=0 insize=4780 outsize=0 kw=POINT ok=0
Cmd: compileSnippet
  error: 2 plat 4 at (64): 'vert': output parameter 'o' not completely initialized
  error: 1 plat 4 at (81): implicit truncation of vector type
  api=4 type=0 insize=4780 outsize=0 kw=POINT_COOKIE ok=0
Cmd: compileSnippet
  error: 2 plat 8 at (64): 'vert': output parameter 'o' not completely initialized
  error: 1 plat 8 at (81): implicit truncation of vector type
  api=8 type=0 insize=4780 outsize=0 kw=DIRECTIONAL_COOKIE ok=0
Cmd: compileSnippet
  error: 2 plat 8 at (64): 'vert': output parameter 'o' not completely initialized
  error: 1 plat 8 at (81): implicit truncation of vector type
  api=8 type=0 insize=7048 outsize=0 kw=DIRECTIONAL LIGHTMAP_OFF DIRLIGHTMAP_OFF ok=0
Cmd: compileSnippet
  error: 2 plat 8 at (64): 'vert': output parameter 'o' not completely initialized
  error: 1 plat 8 at (81): implicit truncation of vector type
  api=8 type=0 insize=7048 outsize=0 kw=DIRECTIONAL LIGHTMAP_ON DIRLIGHTMAP_OFF ok=0
Cmd: compileSnippet
  error: 2 plat 4 at (64): 'vert': output parameter 'o' not completely initialized
  error: 1 plat 4 at (81): implicit truncation of vector type
  api=4 type=0 insize=4780 outsize=0 kw=POINT ok=0
Cmd: compileSnippet
  error: 2 plat 4 at (64): 'vert': output parameter 'o' not completely initialized
  error: 1 plat 4 at (81): implicit truncation of vector type
  api=4 type=0 insize=4780 outsize=0 kw=DIRECTIONAL ok=0
Cmd: compileSnippet
  error: 2 plat 4 at (64): 'vert': output parameter 'o' not completely initialized
  error: 1 plat 4 at (81): implicit truncation of vector type
  api=4 type=0 insize=4780 outsize=0 kw=POINT_COOKIE ok=0
Cmd: compileSnippet
  error: 2 plat 8 at (64): 'vert': output parameter 'o' not completely initialized
  error: 1 plat 8 at (81): implicit truncation of vector type
  api=8 type=0 insize=7048 outsize=0 kw=DIRECTIONAL LIGHTMAP_OFF DIRLIGHTMAP_OFF ok=0
Cmd: compileSnippet
  error: 2 plat 4 at (64): 'vert': output parameter 'o' not completely initialized
  error: 1 plat 4 at (81): implicit truncation of vector type
  api=4 type=0 insize=4780 outsize=0 kw=POINT ok=0
Cmd: compileSnippet
  error: 2 plat 4 at (64): 'vert': output parameter 'o' not completely initialized
  error: 1 plat 4 at (81): implicit truncation of vector type
  api=4 type=0 insize=4780 outsize=0 kw=POINT_COOKIE ok=0
Cmd: compileSnippet
  error: 2 plat 8 at (64): 'vert': output parameter 'o' not completely initialized
  error: 1 plat 8 at (81): implicit truncation of vector type
  api=8 type=0 insize=4780 outsize=0 kw=DIRECTIONAL_COOKIE ok=0
Cmd: compileSnippet
  error: 2 plat 4 at (64): 'vert': output parameter 'o' not completely initialized
  error: 1 plat 4 at (81): implicit truncation of vector type
  api=4 type=0 insize=7048 outsize=0 kw=DIRECTIONAL LIGHTMAP_ON DIRLIGHTMAP_OFF ok=0
Cmd: compileSnippet
  error: 2 plat 4 at (64): 'vert': output parameter 'o' not completely initialized
  error: 1 plat 4 at (81): implicit truncation of vector type
  api=4 type=0 insize=7048 outsize=0 kw=DIRECTIONAL LIGHTMAP_OFF DIRLIGHTMAP_OFF VERTEXLIGHT_ON ok=0
Cmd: compileSnippet
  error: 2 plat 4 at (64): 'vert': output parameter 'o' not completely initialized
  error: 1 plat 4 at (81): implicit truncation of vector type
  api=4 type=0 insize=4780 outsize=0 kw=POINT ok=0
Cmd: compileSnippet
  error: 2 plat 4 at (64): 'vert': output parameter 'o' not completely initialized
  error: 1 plat 4 at (81): implicit truncation of vector type
  api=4 type=0 insize=4780 outsize=0 kw=POINT_COOKIE ok=0
Cmd: compileSnippet
  error: 2 plat 4 at (64): 'vert': output parameter 'o' not completely initialized
  error: 1 plat 4 at (81): implicit truncation of vector type
  api=4 type=0 insize=7048 outsize=0 kw=DIRECTIONAL LIGHTMAP_OFF DIRLIGHTMAP_OFF ok=0
Cmd: compileSnippet
  error: 2 plat 4 at (64): 'vert': output parameter 'o' not completely initialized
  error: 1 plat 4 at (81): implicit truncation of vector type
  api=4 type=0 insize=7048 outsize=0 kw=DIRECTIONAL LIGHTMAP_OFF DIRLIGHTMAP_OFF VERTEXLIGHT_ON ok=0
Cmd: compileSnippet
  error: 2 plat 8 at (64): 'vert': output parameter 'o' not completely initialized
  error: 1 plat 8 at (81): implicit truncation of vector type
  api=8 type=0 insize=4780 outsize=0 kw=POINT ok=0
Cmd: compileSnippet
  error: 2 plat 4 at (64): 'vert': output parameter 'o' not completely initialized
  error: 1 plat 4 at (81): implicit truncation of vector type
  api=4 type=0 insize=4780 outsize=0 kw=SPOT ok=0
Cmd: compileSnippet
  error: 2 plat 8 at (64): 'vert': output parameter 'o' not completely initialized
  error: 1 plat 8 at (81): implicit truncation of vector type
  api=8 type=0 insize=4780 outsize=0 kw=DIRECTIONAL_COOKIE ok=0
Cmd: compileSnippet
  error: 2 plat 8 at (64): 'vert': output parameter 'o' not completely initialized
  error: 1 plat 8 at (81): implicit truncation of vector type
  api=8 type=0 insize=7048 outsize=0 kw=DIRECTIONAL LIGHTMAP_OFF DIRLIGHTMAP_OFF ok=0
Cmd: compileSnippet
  error: 2 plat 4 at (64): 'vert': output parameter 'o' not completely initialized
  error: 1 plat 4 at (81): implicit truncation of vector type
  api=4 type=0 insize=7048 outsize=0 kw=DIRECTIONAL LIGHTMAP_OFF DIRLIGHTMAP_OFF VERTEXLIGHT_ON ok=0
Cmd: compileSnippet
  error: 2 plat 4 at (64): 'vert': output parameter 'o' not completely initialized
  error: 1 plat 4 at (81): implicit truncation of vector type
  api=4 type=0 insize=4780 outsize=0 kw=POINT ok=0
Cmd: compileSnippet
  error: 2 plat 8 at (64): 'vert': output parameter 'o' not completely initialized
  error: 1 plat 8 at (81): implicit truncation of vector type
  api=8 type=0 insize=4780 outsize=0 kw=SPOT ok=0
Cmd: compileSnippet
  error: 2 plat 4 at (64): 'vert': output parameter 'o' not completely initialized
  error: 1 plat 4 at (81): implicit truncation of vector type
  api=4 type=0 insize=7048 outsize=0 kw=DIRECTIONAL LIGHTMAP_OFF DIRLIGHTMAP_OFF ok=0
Cmd: compileSnippet
  error: 2 plat 8 at (64): 'vert': output parameter 'o' not completely initialized
  error: 1 plat 8 at (81): implicit truncation of vector type
  api=8 type=0 insize=4780 outsize=0 kw=POINT ok=0
Cmd: compileSnippet
  error: 2 plat 4 at (64): 'vert': output parameter 'o' not completely initialized
  error: 1 plat 4 at (81): implicit truncation of vector type
  api=4 type=0 insize=4780 outsize=0 kw=POINT_COOKIE ok=0
Cmd: compileSnippet
  error: 2 plat 8 at (64): 'vert': output parameter 'o' not completely initialized
  error: 1 plat 8 at (81): implicit truncation of vector type
  api=8 type=0 insize=7048 outsize=0 kw=DIRECTIONAL LIGHTMAP_ON DIRLIGHTMAP_OFF ok=0
Cmd: compileSnippet
  error: 2 plat 8 at (64): 'vert': output parameter 'o' not completely initialized
  error: 1 plat 8 at (81): implicit truncation of vector type
  api=8 type=0 insize=4780 outsize=0 kw=POINT ok=0
Cmd: compileSnippet
  error: 2 plat 4 at (64): 'vert': output parameter 'o' not completely initialized
  error: 1 plat 4 at (81): implicit truncation of vector type
  api=4 type=0 insize=4780 outsize=0 kw=SPOT ok=0
Unhandled exception: Readfile from pipe failed. GLE=Канал был закрыт.


Quitting shader compiler process
